#
# There is insufficient memory for the Java Runtime Environment to continue.
# Native memory allocation (malloc) failed to allocate 1048576 bytes for AllocateHeap
# Possible reasons:
#   The system is out of physical RAM or swap space
#   In 32 bit mode, the process size limit was hit
# Possible solutions:
#   Reduce memory load on the system
#   Increase physical memory or swap space
#   Check if swap backing store is full
#   Use 64 bit Java on a 64 bit OS
#   Decrease Java heap size (-Xmx/-Xms)
#   Decrease number of Java threads
#   Decrease Java thread stack sizes (-Xss)
#   Set larger code cache with -XX:ReservedCodeCacheSize=
# This output file may be truncated or incomplete.
#
#  Out of Memory Error (memory/allocation.inline.hpp:61), pid=71476, tid=0x00000000000110c4
#
# JRE version:  (8.0_151-b12) (build )
# Java VM: Java HotSpot(TM) 64-Bit Server VM (25.151-b12 mixed mode windows-amd64 compressed oops)
# Failed to write core dump. Minidumps are not enabled by default on client versions of Windows
#

---------------  T H R E A D  ---------------

Current thread (0x0000000001db0800):  JavaThread "Unknown thread" [_thread_in_vm, id=69828, stack(0x0000000001c50000,0x0000000001d50000)]

Stack: [0x0000000001c50000,0x0000000001d50000]
[error occurred during error reporting (printing stack bounds), id 0xc0000005]

Native frames: (J=compiled Java code, j=interpreted, Vv=VM code, C=native code)


---------------  P R O C E S S  ---------------

Java Threads: ( => current thread )

Other Threads:

=>0x0000000001db0800 (exited) JavaThread "Unknown thread" [_thread_in_vm, id=69828, stack(0x0000000001c50000,0x0000000001d50000)]

VM state:not at safepoint (normal execution)

VM Mutex/Monitor currently owned by a thread: None

Heap:
 PSYoungGen      total 28672K, used 491K [0x00000000e0980000, 0x00000000e2980000, 0x0000000100000000)
  eden space 24576K, 2% used [0x00000000e0980000,0x00000000e09fae20,0x00000000e2180000)
  from space 4096K, 0% used [0x00000000e2580000,0x00000000e2580000,0x00000000e2980000)
  to   space 4096K, 0% used [0x00000000e2180000,0x00000000e2180000,0x00000000e2580000)
 ParOldGen       total 65536K, used 0K [0x00000000a1c00000, 0x00000000a5c00000, 0x00000000e0980000)
  object space 65536K, 0% used [0x00000000a1c00000,0x00000000a1c00000,0x00000000a5c00000)
 Metaspace       used 746K, capacity 4480K, committed 4480K, reserved 1056768K
  class space    used 75K, capacity 384K, committed 384K, reserved 1048576K

Card table byte_map: [0x0000000011340000,0x0000000011640000] byte_map_base: 0x0000000010e32000

Marking Bits: (ParMarkBitMap*) 0x000000005fbdd850
 Begin Bits: [0x0000000011c40000, 0x00000000133d0000)
 End Bits:   [0x00000000133d0000, 0x0000000014b60000)

Polling page: 0x00000000002e0000

CodeCache: size=245760Kb used=328Kb max_used=328Kb free=245431Kb
 bounds [0x0000000001f80000, 0x00000000021f0000, 0x0000000010f80000]
 total_blobs=58 nmethods=0 adapters=38
 compilation: enabled

Compilation events (0 events):
No events

GC Heap History (0 events):
No events

Deoptimization events (0 events):
No events

Internal exceptions (0 events):
No events

Events (10 events):
Event: 0.090 loading class java/lang/Short
Event: 0.090 loading class java/lang/Short done
Event: 0.090 loading class java/lang/Integer
Event: 0.091 loading class java/lang/Integer done
Event: 0.091 loading class java/lang/Long
Event: 0.091 loading class java/lang/Long done
Event: 0.092 loading class java/lang/NullPointerException
Event: 0.092 loading class java/lang/NullPointerException done
Event: 0.092 loading class java/lang/ArithmeticException
Event: 0.092 loading class java/lang/ArithmeticException done


Dynamic libraries:
0x00007ff756c10000 - 0x00007ff756c47000 	C:\Program Files\Java\jre1.8.0_151\bin\javaw.exe
0x00007ffa740d0000 - 0x00007ffa7427d000 	C:\WINDOWS\SYSTEM32\ntdll.dll
0x00007ffa72560000 - 0x00007ffa7269e000 	C:\WINDOWS\system32\KERNEL32.DLL
0x00007ffa50580000 - 0x00007ffa505b4000 	C:\Program Files (x86)\AVG\Antivirus\x64\aswhooka.dll
0x00007ffa71640000 - 0x00007ffa71755000 	C:\WINDOWS\system32\KERNELBASE.dll
0x00007ffa6fdc0000 - 0x00007ffa6fe4e000 	C:\WINDOWS\system32\apphelp.dll
0x00007ffa651e0000 - 0x00007ffa65233000 	C:\WINDOWS\AppPatch\AppPatch64\AcGenral.DLL
0x00007ffa72780000 - 0x00007ffa7282a000 	C:\WINDOWS\system32\msvcrt.dll
0x00007ffa712d0000 - 0x00007ffa712fe000 	C:\WINDOWS\system32\SspiCli.dll
0x00007ffa720c0000 - 0x00007ffa72114000 	C:\WINDOWS\system32\SHLWAPI.dll
0x00007ffa72870000 - 0x00007ffa729e7000 	C:\WINDOWS\system32\USER32.dll
0x00007ffa71d40000 - 0x00007ffa71ed4000 	C:\WINDOWS\system32\ole32.dll
0x00007ffa729f0000 - 0x00007ffa73f1c000 	C:\WINDOWS\system32\SHELL32.dll
0x00007ffa707b0000 - 0x00007ffa707d1000 	C:\WINDOWS\SYSTEM32\USERENV.dll
0x00007ffa726c0000 - 0x00007ffa7276a000 	C:\WINDOWS\system32\ADVAPI32.dll
0x00007ffa655f0000 - 0x00007ffa6560e000 	C:\WINDOWS\SYSTEM32\MPR.dll
0x00007ffa723a0000 - 0x00007ffa724e0000 	C:\WINDOWS\system32\RPCRT4.dll
0x00007ffa72120000 - 0x00007ffa72179000 	C:\WINDOWS\SYSTEM32\sechost.dll
0x00007ffa72180000 - 0x00007ffa72392000 	C:\WINDOWS\SYSTEM32\combase.dll
0x00007ffa71bf0000 - 0x00007ffa71d3b000 	C:\WINDOWS\system32\GDI32.dll
0x00007ffa71200000 - 0x00007ffa71215000 	C:\WINDOWS\SYSTEM32\profapi.dll
0x00007ffa6f790000 - 0x00007ffa6f842000 	C:\WINDOWS\SYSTEM32\SHCORE.dll
0x00007ffa72830000 - 0x00007ffa72866000 	C:\WINDOWS\system32\IMM32.DLL
0x00007ffa71f50000 - 0x00007ffa720a1000 	C:\WINDOWS\system32\MSCTF.dll
0x00007ffa6f310000 - 0x00007ffa6f58b000 	C:\WINDOWS\WinSxS\amd64_microsoft.windows.common-controls_6595b64144ccf1df_6.0.9600.18006_none_623f33d3ecbe86e8\COMCTL32.dll
0x000000005f210000 - 0x000000005f2e2000 	C:\Program Files\Java\jre1.8.0_151\bin\msvcr100.dll
0x000000005f3c0000 - 0x000000005fc5d000 	C:\Program Files\Java\jre1.8.0_151\bin\server\jvm.dll
0x00007ffa69090000 - 0x00007ffa69099000 	C:\WINDOWS\SYSTEM32\WSOCK32.dll
0x00007ffa69b60000 - 0x00007ffa69b82000 	C:\WINDOWS\SYSTEM32\WINMM.dll
0x00007ffa6cf80000 - 0x00007ffa6cf8a000 	C:\WINDOWS\SYSTEM32\VERSION.dll
0x00007ffa720b0000 - 0x00007ffa720b7000 	C:\WINDOWS\system32\PSAPI.DLL
0x00007ffa71b90000 - 0x00007ffa71bea000 	C:\WINDOWS\system32\WS2_32.dll
0x00007ffa69b30000 - 0x00007ffa69b5a000 	C:\WINDOWS\SYSTEM32\WINMMBASE.dll
0x00007ffa72770000 - 0x00007ffa72779000 	C:\WINDOWS\system32\NSI.dll
0x00007ffa713b0000 - 0x00007ffa713ff000 	C:\WINDOWS\SYSTEM32\cfgmgr32.dll
0x00007ffa70010000 - 0x00007ffa70038000 	C:\WINDOWS\SYSTEM32\DEVOBJ.dll
0x000000005f3b0000 - 0x000000005f3bf000 	C:\Program Files\Java\jre1.8.0_151\bin\verify.dll
0x000000005f380000 - 0x000000005f3a9000 	C:\Program Files\Java\jre1.8.0_151\bin\java.dll
0x000000005f360000 - 0x000000005f376000 	C:\Program Files\Java\jre1.8.0_151\bin\zip.dll

VM Arguments:
jvm_args: -Dfile.encoding=Cp1252 
java_command: GuessingGame
java_class_path (initial): C:\Users\jordan\workspace\Bonus3\bin
Launcher Type: SUN_STANDARD

Environment Variables:
PATH=C:/Program Files/Java/jre1.8.0_151/bin/server;C:/Program Files/Java/jre1.8.0_151/bin;C:/Program Files/Java/jre1.8.0_151/lib/amd64;C:\ProgramData\Oracle\Java\javapath;C:\Python27\;C:\Python27\Scripts;C:\Program Files (x86)\Intel\iCLS Client\;C:\Program Files\Intel\iCLS Client\;C:\WINDOWS\system32;C:\WINDOWS;C:\WINDOWS\System32\Wbem;C:\WINDOWS\System32\WindowsPowerShell\v1.0\;C:\Program Files (x86)\Windows Live\Shared;C:\Program Files\Intel\Intel(R) Management Engine Components\DAL;C:\Program Files\Intel\Intel(R) Management Engine Components\IPT;C:\Program Files (x86)\Intel\Intel(R) Management Engine Components\DAL;C:\Program Files (x86)\Intel\Intel(R) Management Engine Components\IPT;C:\Program Files (x86)\Intel\OpenCL SDK\3.0\bin\x86;C:\Program Files (x86)\Intel\OpenCL SDK\3.0\bin\x64;C:\Program Files\Intel\WiFi\bin\;C:\Program Files\Common Files\Intel\WirelessCommon\;C:\Program Files (x86)\Skype\Phone\;C:\WINDOWS\system32;
USERNAME=jordan
OS=Windows_NT
PROCESSOR_IDENTIFIER=Intel64 Family 6 Model 69 Stepping 1, GenuineIntel



---------------  S Y S T E M  ---------------

OS: Windows 8.1 , 64 bit Build 9600 (6.3.9600.17415)

CPU:total 4 (initial active 4) (2 cores per cpu, 2 threads per core) family 6 model 69 stepping 1, cmov, cx8, fxsr, mmx, sse, sse2, sse3, ssse3, sse4.1, sse4.2, popcnt, avx, avx2, aes, clmul, erms, lzcnt, ht, tsc, tscinvbit, bmi1, bmi2

Memory: 4k page, physical 6172280k(1136324k free), swap 25046648k(5192k free)

vm_info: Java HotSpot(TM) 64-Bit Server VM (25.151-b12) for windows-amd64 JRE (1.8.0_151-b12), built on Sep  5 2017 19:33:46 by "java_re" with MS VC++ 10.0 (VS2010)

time: Thu Jan 25 18:52:55 2018
elapsed time: 0 seconds (0d 0h 0m 0s)

